To honour the JVM settings for this build a single-use Daemon process will be forked. For more on this, please refer to https://docs.gradle.org/9.0.0/userguide/gradle_daemon.html#sec:disabling_the_daemon in the Gradle documentation.
Daemon will be stopped at the end of the build 
Calculating task graph as no cached configuration is available for tasks: clean build
> Task :checkKotlinGradlePluginConfigurationErrors SKIPPED
> Task :clean
> Task :initializeIntellijPlatformPlugin
> Task :generateManifest FROM-CACHE
> Task :patchPluginXml FROM-CACHE
> Task :koverFindJar FROM-CACHE
> Task :processTestResources
> Task :processResources
> Task :compileKotlin FROM-CACHE
> Task :compileJava NO-SOURCE
> Task :classes
> Task :instrumentCode FROM-CACHE
> Task :jar
> Task :assemble
> Task :instrumentedJar
> Task :composedJar
> Task :prepareTestSandbox
> Task :prepareTest

> Task :compileTestKotlin FAILED
e: file:///Users/hqy/Data/project/kotlin/pprofview/src/test/kotlin/com/github/anniext/pprofview/MyPluginTest.kt:9:37 Unresolved reference 'services'.
e: file:///Users/hqy/Data/project/kotlin/pprofview/src/test/kotlin/com/github/anniext/pprofview/MyPluginTest.kt:33:38 Inapplicable candidate(s): fun <reified T : Any> ComponentManager.service(): T
e: file:///Users/hqy/Data/project/kotlin/pprofview/src/test/kotlin/com/github/anniext/pprofview/MyPluginTest.kt:33:46 Unresolved reference 'MyProjectService'.
e: file:///Users/hqy/Data/project/kotlin/pprofview/src/test/kotlin/com/github/anniext/pprofview/MyPluginTest.kt:35:38 Unresolved reference 'getRandomNumber'.
e: file:///Users/hqy/Data/project/kotlin/pprofview/src/test/kotlin/com/github/anniext/pprofview/MyPluginTest.kt:35:72 Unresolved reference 'getRandomNumber'.

FAILURE: Build failed with an exception.

* What went wrong:
Execution failed for task ':compileTestKotlin'.
> A failure occurred while executing org.jetbrains.kotlin.compilerRunner.GradleCompilerRunnerWithWorkers$GradleKotlinCompilerWorkAction
   > Compilation error. See log for more details

* Try:
> Run with --stacktrace option to get the stack trace.
> Run with --info or --debug option to get more log output.
> Run with --scan to generate a Build Scan (Powered by Develocity).
> Get more help at https://help.gradle.org.

BUILD FAILED in 13s
14 actionable tasks: 9 executed, 5 from cache
Configuration cache entry stored.
